This is pdfTeX, Version 3.14159265-2.6-1.40.21 (MiKTeX 21.1) (preloaded format=pdflatex 2021.2.9)  31 JUL 2022 18:24
entering extended mode
**./paper.tex
(paper.tex
LaTeX2e <2020-10-01> patch level 4
L3 programming layer <2021-01-09> xparse <2020-03-03>
(C:\Users\bklee\AppData\Local\Programs\MiKTeX\tex/latex/base\article.cls
Document Class: article 2020/04/10 v1.4m Standard LaTeX document class
(C:\Users\bklee\AppData\Local\Programs\MiKTeX\tex/latex/base\size10.clo
File: size10.clo 2020/04/10 v1.4m Standard LaTeX file (size option)
)
\c@part=\count177
\c@section=\count178
\c@subsection=\count179
\c@subsubsection=\count180
\c@paragraph=\count181
\c@subparagraph=\count182
\c@figure=\count183
\c@table=\count184
\abovecaptionskip=\skip47
\belowcaptionskip=\skip48
\bibindent=\dimen138
)
(C:\Users\bklee\AppData\Local\Programs\MiKTeX\tex/latex/graphics\graphicx.sty
Package: graphicx 2020/09/09 v1.2b Enhanced LaTeX Graphics (DPC,SPQR)

(C:\Users\bklee\AppData\Local\Programs\MiKTeX\tex/latex/graphics\keyval.sty
Package: keyval 2014/10/28 v1.15 key=value parser (DPC)
\KV@toks@=\toks15
)
(C:\Users\bklee\AppData\Local\Programs\MiKTeX\tex/latex/graphics\graphics.sty
Package: graphics 2020/08/30 v1.4c Standard LaTeX Graphics (DPC,SPQR)

(C:\Users\bklee\AppData\Local\Programs\MiKTeX\tex/latex/graphics\trig.sty
Package: trig 2016/01/03 v1.10 sin cos tan (DPC)
)
(C:\Users\bklee\AppData\Local\Programs\MiKTeX\tex/latex/graphics-cfg\graphics.c
fg
File: graphics.cfg 2016/06/04 v1.11 sample graphics configuration
)
Package graphics Info: Driver file: pdftex.def on input line 105.

(C:\Users\bklee\AppData\Local\Programs\MiKTeX\tex/latex/graphics-def\pdftex.def
File: pdftex.def 2020/10/05 v1.2a Graphics/color driver for pdftex
))
\Gin@req@height=\dimen139
\Gin@req@width=\dimen140
)
(C:\Users\bklee\AppData\Local\Programs\MiKTeX\tex/latex/caption\subcaption.sty
Package: subcaption 2022/01/07 v1.5 Sub-captions (AR)

(C:\Users\bklee\AppData\Local\Programs\MiKTeX\tex/latex/caption\caption.sty
Package: caption 2022/03/01 v3.6b Customizing captions (AR)

(C:\Users\bklee\AppData\Local\Programs\MiKTeX\tex/latex/caption\caption3.sty
Package: caption3 2022/03/17 v2.3b caption3 kernel (AR)
\caption@tempdima=\dimen141
\captionmargin=\dimen142
\caption@leftmargin=\dimen143
\caption@rightmargin=\dimen144
\caption@width=\dimen145
\caption@indent=\dimen146
\caption@parindent=\dimen147
\caption@hangindent=\dimen148
Package caption Info: Standard document class detected.
)
\c@caption@flags=\count185
\c@continuedfloat=\count186
)
\c@subfigure=\count187
\c@subtable=\count188
) (C:\Users\bklee\AppData\Local\Programs\MiKTeX\tex/latex/float\float.sty
Package: float 2001/11/08 v1.3d Float enhancements (AL)
\c@float@type=\count189
\float@exts=\toks16
\float@box=\box47
\@float@everytoks=\toks17
\@floatcapt=\box48
)
(C:\Users\bklee\AppData\Local\Programs\MiKTeX\tex/latex/multirow\multirow.sty
Package: multirow 2021/03/15 v2.8 Span multiple rows of a table
\multirow@colwidth=\skip49
\multirow@cntb=\count190
\multirow@dima=\skip50
\bigstrutjot=\dimen149
)
(C:\Users\bklee\AppData\Local\Programs\MiKTeX\tex/latex/l3backend\l3backend-pdf
tex.def
File: l3backend-pdftex.def 2021-01-09 L3 backend support: PDF output (pdfTeX)
\l__kernel_color_stack_int=\count191
\l__pdf_internal_box=\box49
) (paper.aux

LaTeX Warning: Label `fig:skew' multiply defined.


LaTeX Warning: Label `fig:skew' multiply defined.


LaTeX Warning: Label `fig:correlation' multiply defined.


LaTeX Warning: Label `fig:skew' multiply defined.


LaTeX Warning: Label `fig:correlation' multiply defined.

)
\openout1 = `paper.aux'.

LaTeX Font Info:    Checking defaults for OML/cmm/m/it on input line 10.
LaTeX Font Info:    ... okay on input line 10.
LaTeX Font Info:    Checking defaults for OMS/cmsy/m/n on input line 10.
LaTeX Font Info:    ... okay on input line 10.
LaTeX Font Info:    Checking defaults for OT1/cmr/m/n on input line 10.
LaTeX Font Info:    ... okay on input line 10.
LaTeX Font Info:    Checking defaults for T1/cmr/m/n on input line 10.
LaTeX Font Info:    ... okay on input line 10.
LaTeX Font Info:    Checking defaults for TS1/cmr/m/n on input line 10.
LaTeX Font Info:    ... okay on input line 10.
LaTeX Font Info:    Checking defaults for OMX/cmex/m/n on input line 10.
LaTeX Font Info:    ... okay on input line 10.
LaTeX Font Info:    Checking defaults for U/cmr/m/n on input line 10.
LaTeX Font Info:    ... okay on input line 10.

(C:\Users\bklee\AppData\Local\Programs\MiKTeX\tex/context/base/mkii\supp-pdf.mk
ii
[Loading MPS to PDF converter (version 2006.09.02).]
\scratchcounter=\count192
\scratchdimen=\dimen150
\scratchbox=\box50
\nofMPsegments=\count193
\nofMParguments=\count194
\everyMPshowfont=\toks18
\MPscratchCnt=\count195
\MPscratchDim=\dimen151
\MPnumerator=\count196
\makeMPintoPDFobject=\count197
\everyMPtoPDFconversion=\toks19
)
(C:\Users\bklee\AppData\Local\Programs\MiKTeX\tex/latex/epstopdf-pkg\epstopdf-b
ase.sty
Package: epstopdf-base 2020-01-24 v2.11 Base part for package epstopdf
Package epstopdf-base Info: Redefining graphics rule for `.eps' on input line 4
85.
)
Package caption Info: Begin \AtBeginDocument code.
Package caption Info: float package is loaded.
Package caption Info: End \AtBeginDocument code.
LaTeX Font Info:    External font `cmex10' loaded for size
(Font)              <12> on input line 11.
LaTeX Font Info:    External font `cmex10' loaded for size
(Font)              <8> on input line 11.
LaTeX Font Info:    External font `cmex10' loaded for size
(Font)              <6> on input line 11.
 [1

{C:/Users/bklee/AppData/Local/MiKTeX/pdftex/config/pdftex.map}]
[2]
Overfull \hbox (2.5283pt too wide) in paragraph at lines 37--38
\OT1/cmr/m/n/10 Screened In Porch Square Footage + Full Screened In Porch Squar
e Footage 
 []

<./images//skewplots.png, id=12, 859.21pt x 425.59pt>
File: ./images//skewplots.png Graphic file (type png)
<use ./images//skewplots.png>
Package pdftex.def Info: ./images//skewplots.png  used on input line 60.
(pdftex.def)             Requested size: 345.0pt x 170.88887pt.
[3]
<./images//salehist.png, id=18, 376.40625pt x 265.99374pt>
File: ./images//salehist.png Graphic file (type png)
<use ./images//salehist.png>
Package pdftex.def Info: ./images//salehist.png  used on input line 74.
(pdftex.def)             Requested size: 137.9979pt x 97.51915pt.
<./images//salebox.png, id=19, 394.47375pt x 248.93pt>
File: ./images//salebox.png Graphic file (type png)
<use ./images//salebox.png>
Package pdftex.def Info: ./images//salebox.png  used on input line 78.
(pdftex.def)             Requested size: 137.9979pt x 87.08122pt.
 [4 <./images//skewplots.png> <./images//salehist.png> <./images//salebox.png>]
<./images//salecorr.png, id=27, 542.025pt x 484.81125pt>
File: ./images//salecorr.png Graphic file (type png)
<use ./images//salecorr.png>
Package pdftex.def Info: ./images//salecorr.png  used on input line 96.
(pdftex.def)             Requested size: 137.9979pt x 123.42918pt.
<./images//corrmatrix.png, id=28, 865.2325pt x 912.40875pt>
File: ./images//corrmatrix.png Graphic file (type png)
<use ./images//corrmatrix.png>
Package pdftex.def Info: ./images//corrmatrix.png  used on input line 100.
(pdftex.def)             Requested size: 137.9979pt x 145.51501pt.
<./images//catboxes.png, id=29, 859.21pt x 570.13pt>
File: ./images//catboxes.png Graphic file (type png)
<use ./images//catboxes.png>
Package pdftex.def Info: ./images//catboxes.png  used on input line 114.
(pdftex.def)             Requested size: 345.0pt x 228.9266pt.
 [5 <./images//salecorr.png> <./images//corrmatrix.png>]
LaTeX Font Info:    External font `cmex10' loaded for size
(Font)              <7> on input line 123.
LaTeX Font Info:    External font `cmex10' loaded for size
(Font)              <5> on input line 123.
 [6 <./images//catboxes.png>] [7]
LaTeX Font Info:    Trying to load font information for OML+cmr on input line 1
90.

(C:\Users\bklee\AppData\Local\Programs\MiKTeX\tex/latex/base\omlcmr.fd
File: omlcmr.fd 2019/12/16 v2.5j Standard LaTeX font definitions
)
LaTeX Font Info:    Font shape `OML/cmr/m/n' in size <10> not available
(Font)              Font shape `OML/cmm/m/it' tried instead on input line 190.

Overfull \hbox (79.75093pt too wide) in paragraph at lines 188--244
 [][] 
 []

[8]
Overfull \vbox (86.79999pt too high) has occurred while \output is active []


[9]
<./images//mlrplot.png, id=50, 859.21pt x 425.59pt>
File: ./images//mlrplot.png Graphic file (type png)
<use ./images//mlrplot.png>
Package pdftex.def Info: ./images//mlrplot.png  used on input line 249.
(pdftex.def)             Requested size: 345.0pt x 170.88887pt.
<./images//ridgeform.png, id=51, 328.97906pt x 60.225pt>
File: ./images//ridgeform.png Graphic file (type png)
<use ./images//ridgeform.png>
Package pdftex.def Info: ./images//ridgeform.png  used on input line 260.
(pdftex.def)             Requested size: 345.0pt x 63.15906pt.
 [10 <./images//mlrplot.png> <./images//ridgeform.png>]
<ridgeplot.png, id=57, 859.21pt x 425.59pt>
File: ridgeplot.png Graphic file (type png)
<use ridgeplot.png>
Package pdftex.def Info: ridgeplot.png  used on input line 272.
(pdftex.def)             Requested size: 137.9979pt x 68.34904pt.
<./images//ridgefeat.png, id=58, 587.19376pt x 611.28375pt>
File: ./images//ridgefeat.png Graphic file (type png)
<use ./images//ridgefeat.png>
Package pdftex.def Info: ./images//ridgefeat.png  used on input line 276.
(pdftex.def)             Requested size: 137.9979pt x 143.6517pt.
<./images//lassoform.png, id=59, 344.03531pt x 60.225pt>
File: ./images//lassoform.png Graphic file (type png)
<use ./images//lassoform.png>
Package pdftex.def Info: ./images//lassoform.png  used on input line 291.
(pdftex.def)             Requested size: 345.0pt x 60.39392pt.
 [11 <./ridgeplot.png> <./images//ridgefeat.png> <./images//lassoform.png>]
<./images//lassoplot.png, id=66, 859.21pt x 425.59pt>
File: ./images//lassoplot.png Graphic file (type png)
<use ./images//lassoplot.png>
Package pdftex.def Info: ./images//lassoplot.png  used on input line 303.
(pdftex.def)             Requested size: 137.9979pt x 68.34904pt.
<./images//lassofeat.png, id=67, 593.21625pt x 611.28375pt>
File: ./images//lassofeat.png Graphic file (type png)
<use ./images//lassofeat.png>
Package pdftex.def Info: ./images//lassofeat.png  used on input line 307.
(pdftex.def)             Requested size: 137.9979pt x 142.19662pt.
 [12 <./images//lassoplot.png> <./images//lassofeat.png>]
Overfull \hbox (16.1582pt too wide) in paragraph at lines 348--349
\OT1/cmr/m/n/10 May. 2022, https://www.inman.com/2017/08/07/6-factors-that-infl
uence-a-homes-
 []

[13] (paper.aux)

LaTeX Warning: There were multiply-defined labels.

 ) 
Here is how much of TeX's memory you used:
 2828 strings out of 479618
 49385 string characters out of 2865027
 347611 words of memory out of 3000000
 20016 multiletter control sequences out of 15000+200000
 408011 words of font info for 42 fonts, out of 3000000 for 9000
 1141 hyphenation exceptions out of 8191
 69i,8n,77p,1456b,461s stack positions out of 5000i,500n,10000p,200000b,50000s
 <C:\Users\bklee\AppData\Local\MiKTeX\fonts/pk/ljfour/jknappen/ec/dpi600\tcrm
1000.pk><C:/Users/bklee/AppData/Local/Programs/MiKTeX/fonts/type1/public/amsfon
ts/cm/cmbx12.pfb><C:/Users/bklee/AppData/Local/Programs/MiKTeX/fonts/type1/publ
ic/amsfonts/cm/cmmi10.pfb><C:/Users/bklee/AppData/Local/Programs/MiKTeX/fonts/t
ype1/public/amsfonts/cm/cmr10.pfb><C:/Users/bklee/AppData/Local/Programs/MiKTeX
/fonts/type1/public/amsfonts/cm/cmr12.pfb><C:/Users/bklee/AppData/Local/Program
s/MiKTeX/fonts/type1/public/amsfonts/cm/cmr17.pfb><C:/Users/bklee/AppData/Local
/Programs/MiKTeX/fonts/type1/public/amsfonts/cm/cmr9.pfb>
Output written on paper.pdf (13 pages, 420422 bytes).
PDF statistics:
 101 PDF objects out of 1000 (max. 8388607)
 0 named destinations out of 1000 (max. 500000)
 66 words of extra memory for PDF output out of 10000 (max. 10000000)

